   1              		.arch armv7-a
   2              		.eabi_attribute 28, 1
   3              		.fpu neon-vfpv4
   4              		.eabi_attribute 20, 1
   5              		.eabi_attribute 21, 1
   6              		.eabi_attribute 23, 3
   7              		.eabi_attribute 24, 1
   8              		.eabi_attribute 25, 1
   9              		.eabi_attribute 26, 1
  10              		.eabi_attribute 30, 2
  11              		.eabi_attribute 34, 1
  12              		.eabi_attribute 18, 4
  13              		.file	"main.c"
  14              		.text
  15              		.align	2
  16              		.global	delay
  17              		.syntax unified
  18              		.arm
  20              	delay:
  21              		@ args = 0, pretend = 0, frame = 0
  22              		@ frame_needed = 0, uses_anonymous_args = 0
  23              		@ link register save eliminated.
  24 0000 1EFF2FE1 		bx	lr
  26              		.section	.text.startup,"ax",%progbits
  27              		.align	2
  28              		.global	main
  29              		.syntax unified
  30              		.arm
  32              	main:
  33              		@ Volatile: function does not return.
  34              		@ args = 0, pretend = 0, frame = 0
  35              		@ frame_needed = 0, uses_anonymous_args = 0
  36              		@ link register save eliminated.
  37 0000 0020A0E3 		mov	r2, #0
  38 0004 202F43E3 		movt	r2, 16160
  39 0008 0230A0E1 		mov	r3, r2
  40 000c 041092E5 		ldr	r1, [r2, #4]
  41 0010 021681E3 		orr	r1, r1, #2097152
  42 0014 041082E5 		str	r1, [r2, #4]
  43              	.L3:
  44 0018 282093E5 		ldr	r2, [r3, #40]
  45 001c 022882E3 		orr	r2, r2, #131072
  46 0020 282083E5 		str	r2, [r3, #40]
  47 0024 202093E5 		ldr	r2, [r3, #32]
  48 0028 202083E5 		str	r2, [r3, #32]
  49 002c F9FFFFEA 		b	.L3
  51              		.ident	"GCC: (Linaro GCC 5.3-2016.02) 5.3.1 20160113"
